{"uuid":"4f951c57-5591-404f-913a-744359ba04a8","historyId":"73239f9fefc161d859a4af216ae5f7ad","fullName":"nuego_automation_project.NuegoBookingTest.testBookBusFromAgraToBassi","labels":[{"name":"package","value":"nuego_automation_project.NuegoBookingTest"},{"name":"testClass","value":"nuego_automation_project.NuegoBookingTest"},{"name":"testMethod","value":"testBookBusFromAgraToBassi"},{"name":"parentSuite","value":"Default suite"},{"name":"suite","value":"Default test"},{"name":"subSuite","value":"nuego_automation_project.NuegoBookingTest"},{"name":"host","value":"LAP-SUMEDHS"},{"name":"thread","value":"11124@LAP-SUMEDHS.main(1)"},{"name":"framework","value":"testng"},{"name":"language","value":"java"}],"links":[],"name":"Verify user can search, apply filters, and book a seat","status":"broken","statusDetails":{"known":false,"muted":false,"flaky":false,"message":"Failed to select city from dropdown: Expected condition failed: waiting for visibility of all elements located by By.xpath: //div[contains(@class,'suggestion-container')]//div (tried for 15 second(s) with 500 milliseconds interval)\nBuild info: version: '4.21.0', revision: '79ed462ef4'\nSystem info: os.name: 'Windows 11', os.arch: 'amd64', os.version: '10.0', java.version: '21.0.8'\nDriver info: org.openqa.selenium.chrome.ChromeDriver\nCapabilities {acceptInsecureCerts: false, browserName: chrome, browserVersion: 139.0.7258.155, chrome: {chromedriverVersion: 139.0.7258.154 (9e0d6b2b47f..., userDataDir: C:\\Users\\SUMEDH~1.SON\\AppDa...}, fedcm:accounts: true, goog:chromeOptions: {debuggerAddress: localhost:62955}, networkConnectionEnabled: false, pageLoadStrategy: normal, platformName: windows, proxy: Proxy(), se:cdp: ws://localhost:62955/devtoo..., se:cdpVersion: 139.0.7258.155, setWindowRect: true, strictFileInteractability: false, timeouts: {implicit: 0, pageLoad: 300000, script: 30000}, unhandledPromptBehavior: dismiss and notify, webauthn:extension:credBlob: true, webauthn:extension:largeBlob: true, webauthn:extension:minPinLength: true, webauthn:extension:prf: true, webauthn:virtualAuthenticators: true}\nSession ID: 57c03c3a775cbf96c90d1fc6ab54a455","trace":"java.lang.RuntimeException: Failed to select city from dropdown: Expected condition failed: waiting for visibility of all elements located by By.xpath: //div[contains(@class,'suggestion-container')]//div (tried for 15 second(s) with 500 milliseconds interval)\nBuild info: version: '4.21.0', revision: '79ed462ef4'\nSystem info: os.name: 'Windows 11', os.arch: 'amd64', os.version: '10.0', java.version: '21.0.8'\nDriver info: org.openqa.selenium.chrome.ChromeDriver\nCapabilities {acceptInsecureCerts: false, browserName: chrome, browserVersion: 139.0.7258.155, chrome: {chromedriverVersion: 139.0.7258.154 (9e0d6b2b47f..., userDataDir: C:\\Users\\SUMEDH~1.SON\\AppDa...}, fedcm:accounts: true, goog:chromeOptions: {debuggerAddress: localhost:62955}, networkConnectionEnabled: false, pageLoadStrategy: normal, platformName: windows, proxy: Proxy(), se:cdp: ws://localhost:62955/devtoo..., se:cdpVersion: 139.0.7258.155, setWindowRect: true, strictFileInteractability: false, timeouts: {implicit: 0, pageLoad: 300000, script: 30000}, unhandledPromptBehavior: dismiss and notify, webauthn:extension:credBlob: true, webauthn:extension:largeBlob: true, webauthn:extension:minPinLength: true, webauthn:extension:prf: true, webauthn:virtualAuthenticators: true}\nSession ID: 57c03c3a775cbf96c90d1fc6ab54a455\r\n\tat nuego_automation_project.HomePage.selectCityFromDropdown(HomePage.java:77)\r\n\tat nuego_automation_project.NuegoBookingTest.testBookBusFromAgraToBassi(NuegoBookingTest.java:61)\r\n\tat java.base/jdk.internal.reflect.DirectMethodHandleAccessor.invoke(DirectMethodHandleAccessor.java:103)\r\n\tat java.base/java.lang.reflect.Method.invoke(Method.java:580)\r\n\tat org.testng.internal.invokers.MethodInvocationHelper.invokeMethod(MethodInvocationHelper.java:141)\r\n\tat org.testng.internal.invokers.TestInvoker.invokeMethod(TestInvoker.java:686)\r\n\tat org.testng.internal.invokers.TestInvoker.invokeTestMethod(TestInvoker.java:230)\r\n\tat org.testng.internal.invokers.MethodRunner.runInSequence(MethodRunner.java:63)\r\n\tat org.testng.internal.invokers.TestInvoker$MethodInvocationAgent.invoke(TestInvoker.java:992)\r\n\tat org.testng.internal.invokers.TestInvoker.invokeTestMethods(TestInvoker.java:203)\r\n\tat org.testng.internal.invokers.TestMethodWorker.invokeTestMethods(TestMethodWorker.java:154)\r\n\tat org.testng.internal.invokers.TestMethodWorker.run(TestMethodWorker.java:134)\r\n\tat java.base/java.util.ArrayList.forEach(ArrayList.java:1596)\r\n\tat org.testng.TestRunner.privateRun(TestRunner.java:739)\r\n\tat org.testng.TestRunner.run(TestRunner.java:614)\r\n\tat org.testng.SuiteRunner.runTest(SuiteRunner.java:421)\r\n\tat org.testng.SuiteRunner.runSequentially(SuiteRunner.java:413)\r\n\tat org.testng.SuiteRunner.privateRun(SuiteRunner.java:373)\r\n\tat org.testng.SuiteRunner.run(SuiteRunner.java:312)\r\n\tat org.testng.SuiteRunnerWorker.runSuite(SuiteRunnerWorker.java:52)\r\n\tat org.testng.SuiteRunnerWorker.run(SuiteRunnerWorker.java:95)\r\n\tat org.testng.TestNG.runSuitesSequentially(TestNG.java:1274)\r\n\tat org.testng.TestNG.runSuitesLocally(TestNG.java:1208)\r\n\tat org.testng.TestNG.runSuites(TestNG.java:1112)\r\n\tat org.testng.TestNG.run(TestNG.java:1079)\r\n\tat org.testng.remote.AbstractRemoteTestNG.run(AbstractRemoteTestNG.java:115)\r\n\tat org.testng.remote.RemoteTestNG.initAndRun(RemoteTestNG.java:293)\r\n\tat org.testng.remote.RemoteTestNG.main(RemoteTestNG.java:91)\r\nCaused by: org.openqa.selenium.TimeoutException: Expected condition failed: waiting for visibility of all elements located by By.xpath: //div[contains(@class,'suggestion-container')]//div (tried for 15 second(s) with 500 milliseconds interval)\nBuild info: version: '4.21.0', revision: '79ed462ef4'\nSystem info: os.name: 'Windows 11', os.arch: 'amd64', os.version: '10.0', java.version: '21.0.8'\nDriver info: org.openqa.selenium.chrome.ChromeDriver\nCapabilities {acceptInsecureCerts: false, browserName: chrome, browserVersion: 139.0.7258.155, chrome: {chromedriverVersion: 139.0.7258.154 (9e0d6b2b47f..., userDataDir: C:\\Users\\SUMEDH~1.SON\\AppDa...}, fedcm:accounts: true, goog:chromeOptions: {debuggerAddress: localhost:62955}, networkConnectionEnabled: false, pageLoadStrategy: normal, platformName: windows, proxy: Proxy(), se:cdp: ws://localhost:62955/devtoo..., se:cdpVersion: 139.0.7258.155, setWindowRect: true, strictFileInteractability: false, timeouts: {implicit: 0, pageLoad: 300000, script: 30000}, unhandledPromptBehavior: dismiss and notify, webauthn:extension:credBlob: true, webauthn:extension:largeBlob: true, webauthn:extension:minPinLength: true, webauthn:extension:prf: true, webauthn:virtualAuthenticators: true}\nSession ID: 57c03c3a775cbf96c90d1fc6ab54a455\r\n\tat org.openqa.selenium.support.ui.WebDriverWait.timeoutException(WebDriverWait.java:84)\r\n\tat org.openqa.selenium.support.ui.FluentWait.until(FluentWait.java:228)\r\n\tat nuego_automation_project.HomePage.selectCityFromDropdown(HomePage.java:48)\r\n\t... 27 more\r\n"},"stage":"finished","steps":[],"attachments":[],"parameters":[],"start":1756891595135,"stop":1756891617583}