{"uuid":"bfe8b646-049f-496a-9f4c-cf1ee1c82421","historyId":"73239f9fefc161d859a4af216ae5f7ad","fullName":"nuego_automation_project.NuegoBookingTest.testBookBusFromAgraToBassi","labels":[{"name":"package","value":"nuego_automation_project.NuegoBookingTest"},{"name":"testClass","value":"nuego_automation_project.NuegoBookingTest"},{"name":"testMethod","value":"testBookBusFromAgraToBassi"},{"name":"parentSuite","value":"Default suite"},{"name":"suite","value":"Default test"},{"name":"subSuite","value":"nuego_automation_project.NuegoBookingTest"},{"name":"host","value":"LAP-SUMEDHS"},{"name":"thread","value":"21340@LAP-SUMEDHS.main(1)"},{"name":"framework","value":"testng"},{"name":"language","value":"java"}],"links":[],"name":"Verify user can search, apply filters, and book a seat","status":"broken","statusDetails":{"known":false,"muted":false,"flaky":false,"message":"Failed to search bus: Failed to enter destination city: element click intercepted: Element is not clickable at point (451, -3087)\n  (Session info: chrome=139.0.7258.155)\nBuild info: version: '4.21.0', revision: '79ed462ef4'\nSystem info: os.name: 'Windows 11', os.arch: 'amd64', os.version: '10.0', java.version: '21.0.8'\nDriver info: org.openqa.selenium.chrome.ChromeDriver\nCommand: [46f3baa4a76253036b856c7bbfa72dc3, clickElement {id=f.3CF36755A41D47CCA181D3190B5565F6.d.98A2168095A8B4C7636D294A8B0E1023.e.17}]\nCapabilities {acceptInsecureCerts: false, browserName: chrome, browserVersion: 139.0.7258.155, chrome: {chromedriverVersion: 139.0.7258.154 (9e0d6b2b47f..., userDataDir: C:\\Users\\SUMEDH~1.SON\\AppDa...}, fedcm:accounts: true, goog:chromeOptions: {debuggerAddress: localhost:58801}, networkConnectionEnabled: false, pageLoadStrategy: normal, platformName: windows, proxy: Proxy(), se:cdp: ws://localhost:58801/devtoo..., se:cdpVersion: 139.0.7258.155, setWindowRect: true, strictFileInteractability: false, timeouts: {implicit: 0, pageLoad: 300000, script: 30000}, unhandledPromptBehavior: dismiss and notify, webauthn:extension:credBlob: true, webauthn:extension:largeBlob: true, webauthn:extension:minPinLength: true, webauthn:extension:prf: true, webauthn:virtualAuthenticators: true}\nElement: [[ChromeDriver: chrome on windows (46f3baa4a76253036b856c7bbfa72dc3)] -> css selector: .end-location.capitalize_text]\nSession ID: 46f3baa4a76253036b856c7bbfa72dc3","trace":"java.lang.RuntimeException: Failed to search bus: Failed to enter destination city: element click intercepted: Element is not clickable at point (451, -3087)\n  (Session info: chrome=139.0.7258.155)\nBuild info: version: '4.21.0', revision: '79ed462ef4'\nSystem info: os.name: 'Windows 11', os.arch: 'amd64', os.version: '10.0', java.version: '21.0.8'\nDriver info: org.openqa.selenium.chrome.ChromeDriver\nCommand: [46f3baa4a76253036b856c7bbfa72dc3, clickElement {id=f.3CF36755A41D47CCA181D3190B5565F6.d.98A2168095A8B4C7636D294A8B0E1023.e.17}]\nCapabilities {acceptInsecureCerts: false, browserName: chrome, browserVersion: 139.0.7258.155, chrome: {chromedriverVersion: 139.0.7258.154 (9e0d6b2b47f..., userDataDir: C:\\Users\\SUMEDH~1.SON\\AppDa...}, fedcm:accounts: true, goog:chromeOptions: {debuggerAddress: localhost:58801}, networkConnectionEnabled: false, pageLoadStrategy: normal, platformName: windows, proxy: Proxy(), se:cdp: ws://localhost:58801/devtoo..., se:cdpVersion: 139.0.7258.155, setWindowRect: true, strictFileInteractability: false, timeouts: {implicit: 0, pageLoad: 300000, script: 30000}, unhandledPromptBehavior: dismiss and notify, webauthn:extension:credBlob: true, webauthn:extension:largeBlob: true, webauthn:extension:minPinLength: true, webauthn:extension:prf: true, webauthn:virtualAuthenticators: true}\nElement: [[ChromeDriver: chrome on windows (46f3baa4a76253036b856c7bbfa72dc3)] -> css selector: .end-location.capitalize_text]\nSession ID: 46f3baa4a76253036b856c7bbfa72dc3\r\n\tat nuego_automation_project.HomePage.searchBus(HomePage.java:133)\r\n\tat nuego_automation_project.NuegoBookingTest.testBookBusFromAgraToBassi(NuegoBookingTest.java:59)\r\n\tat java.base/jdk.internal.reflect.DirectMethodHandleAccessor.invoke(DirectMethodHandleAccessor.java:103)\r\n\tat java.base/java.lang.reflect.Method.invoke(Method.java:580)\r\n\tat org.testng.internal.invokers.MethodInvocationHelper.invokeMethod(MethodInvocationHelper.java:141)\r\n\tat org.testng.internal.invokers.TestInvoker.invokeMethod(TestInvoker.java:686)\r\n\tat org.testng.internal.invokers.TestInvoker.invokeTestMethod(TestInvoker.java:230)\r\n\tat org.testng.internal.invokers.MethodRunner.runInSequence(MethodRunner.java:63)\r\n\tat org.testng.internal.invokers.TestInvoker$MethodInvocationAgent.invoke(TestInvoker.java:992)\r\n\tat org.testng.internal.invokers.TestInvoker.invokeTestMethods(TestInvoker.java:203)\r\n\tat org.testng.internal.invokers.TestMethodWorker.invokeTestMethods(TestMethodWorker.java:154)\r\n\tat org.testng.internal.invokers.TestMethodWorker.run(TestMethodWorker.java:134)\r\n\tat java.base/java.util.ArrayList.forEach(ArrayList.java:1596)\r\n\tat org.testng.TestRunner.privateRun(TestRunner.java:739)\r\n\tat org.testng.TestRunner.run(TestRunner.java:614)\r\n\tat org.testng.SuiteRunner.runTest(SuiteRunner.java:421)\r\n\tat org.testng.SuiteRunner.runSequentially(SuiteRunner.java:413)\r\n\tat org.testng.SuiteRunner.privateRun(SuiteRunner.java:373)\r\n\tat org.testng.SuiteRunner.run(SuiteRunner.java:312)\r\n\tat org.testng.SuiteRunnerWorker.runSuite(SuiteRunnerWorker.java:52)\r\n\tat org.testng.SuiteRunnerWorker.run(SuiteRunnerWorker.java:95)\r\n\tat org.testng.TestNG.runSuitesSequentially(TestNG.java:1274)\r\n\tat org.testng.TestNG.runSuitesLocally(TestNG.java:1208)\r\n\tat org.testng.TestNG.runSuites(TestNG.java:1112)\r\n\tat org.testng.TestNG.run(TestNG.java:1079)\r\n\tat org.testng.remote.AbstractRemoteTestNG.run(AbstractRemoteTestNG.java:115)\r\n\tat org.testng.remote.RemoteTestNG.initAndRun(RemoteTestNG.java:293)\r\n\tat org.testng.remote.RemoteTestNG.main(RemoteTestNG.java:91)\r\nCaused by: java.lang.RuntimeException: Failed to enter destination city: element click intercepted: Element is not clickable at point (451, -3087)\n  (Session info: chrome=139.0.7258.155)\nBuild info: version: '4.21.0', revision: '79ed462ef4'\nSystem info: os.name: 'Windows 11', os.arch: 'amd64', os.version: '10.0', java.version: '21.0.8'\nDriver info: org.openqa.selenium.chrome.ChromeDriver\nCommand: [46f3baa4a76253036b856c7bbfa72dc3, clickElement {id=f.3CF36755A41D47CCA181D3190B5565F6.d.98A2168095A8B4C7636D294A8B0E1023.e.17}]\nCapabilities {acceptInsecureCerts: false, browserName: chrome, browserVersion: 139.0.7258.155, chrome: {chromedriverVersion: 139.0.7258.154 (9e0d6b2b47f..., userDataDir: C:\\Users\\SUMEDH~1.SON\\AppDa...}, fedcm:accounts: true, goog:chromeOptions: {debuggerAddress: localhost:58801}, networkConnectionEnabled: false, pageLoadStrategy: normal, platformName: windows, proxy: Proxy(), se:cdp: ws://localhost:58801/devtoo..., se:cdpVersion: 139.0.7258.155, setWindowRect: true, strictFileInteractability: false, timeouts: {implicit: 0, pageLoad: 300000, script: 30000}, unhandledPromptBehavior: dismiss and notify, webauthn:extension:credBlob: true, webauthn:extension:largeBlob: true, webauthn:extension:minPinLength: true, webauthn:extension:prf: true, webauthn:virtualAuthenticators: true}\nElement: [[ChromeDriver: chrome on windows (46f3baa4a76253036b856c7bbfa72dc3)] -> css selector: .end-location.capitalize_text]\nSession ID: 46f3baa4a76253036b856c7bbfa72dc3\r\n\tat nuego_automation_project.HomePage.enterDestinationCity(HomePage.java:94)\r\n\tat nuego_automation_project.HomePage.searchBus(HomePage.java:105)\r\n\t... 27 more\r\nCaused by: org.openqa.selenium.ElementClickInterceptedException: element click intercepted: Element is not clickable at point (451, -3087)\n  (Session info: chrome=139.0.7258.155)\nBuild info: version: '4.21.0', revision: '79ed462ef4'\nSystem info: os.name: 'Windows 11', os.arch: 'amd64', os.version: '10.0', java.version: '21.0.8'\nDriver info: org.openqa.selenium.chrome.ChromeDriver\nCommand: [46f3baa4a76253036b856c7bbfa72dc3, clickElement {id=f.3CF36755A41D47CCA181D3190B5565F6.d.98A2168095A8B4C7636D294A8B0E1023.e.17}]\nCapabilities {acceptInsecureCerts: false, browserName: chrome, browserVersion: 139.0.7258.155, chrome: {chromedriverVersion: 139.0.7258.154 (9e0d6b2b47f..., userDataDir: C:\\Users\\SUMEDH~1.SON\\AppDa...}, fedcm:accounts: true, goog:chromeOptions: {debuggerAddress: localhost:58801}, networkConnectionEnabled: false, pageLoadStrategy: normal, platformName: windows, proxy: Proxy(), se:cdp: ws://localhost:58801/devtoo..., se:cdpVersion: 139.0.7258.155, setWindowRect: true, strictFileInteractability: false, timeouts: {implicit: 0, pageLoad: 300000, script: 30000}, unhandledPromptBehavior: dismiss and notify, webauthn:extension:credBlob: true, webauthn:extension:largeBlob: true, webauthn:extension:minPinLength: true, webauthn:extension:prf: true, webauthn:virtualAuthenticators: true}\nElement: [[ChromeDriver: chrome on windows (46f3baa4a76253036b856c7bbfa72dc3)] -> css selector: .end-location.capitalize_text]\nSession ID: 46f3baa4a76253036b856c7bbfa72dc3\r\n\tat java.base/jdk.internal.reflect.DirectConstructorHandleAccessor.newInstance(DirectConstructorHandleAccessor.java:62)\r\n\tat java.base/java.lang.reflect.Constructor.newInstanceWithCaller(Constructor.java:502)\r\n\tat java.base/java.lang.reflect.Constructor.newInstance(Constructor.java:486)\r\n\tat org.openqa.selenium.remote.ErrorCodec.decode(ErrorCodec.java:167)\r\n\tat org.openqa.selenium.remote.codec.w3c.W3CHttpResponseCodec.decode(W3CHttpResponseCodec.java:138)\r\n\tat org.openqa.selenium.remote.codec.w3c.W3CHttpResponseCodec.decode(W3CHttpResponseCodec.java:50)\r\n\tat org.openqa.selenium.remote.HttpCommandExecutor.execute(HttpCommandExecutor.java:190)\r\n\tat org.openqa.selenium.remote.service.DriverCommandExecutor.invokeExecute(DriverCommandExecutor.java:216)\r\n\tat org.openqa.selenium.remote.service.DriverCommandExecutor.execute(DriverCommandExecutor.java:174)\r\n\tat org.openqa.selenium.remote.RemoteWebDriver.execute(RemoteWebDriver.java:518)\r\n\tat org.openqa.selenium.remote.RemoteWebElement.execute(RemoteWebElement.java:223)\r\n\tat org.openqa.selenium.remote.RemoteWebElement.click(RemoteWebElement.java:76)\r\n\tat nuego_automation_project.HomePage.enterDestinationCity(HomePage.java:84)\r\n\t... 28 more\r\n"},"stage":"finished","steps":[],"attachments":[],"parameters":[],"start":1757055545192,"stop":1757055558287}